  [1m[35m (253.4ms)[0m  [1m[35mCREATE DATABASE "map_my_rat_development" ENCODING = 'unicode'[0m
  ↳ bin/rails:9
  [1m[35m (90.5ms)[0m  [1m[35mCREATE DATABASE "map_my_rat_test" ENCODING = 'unicode'[0m
  ↳ bin/rails:9
  [1m[35m (1.6ms)[0m  [1m[35mCREATE DATABASE "map_my_rat_development" ENCODING = 'unicode'[0m
  ↳ bin/rails:9
  [1m[35m (1.3ms)[0m  [1m[35mCREATE DATABASE "map_my_rat_test" ENCODING = 'unicode'[0m
  ↳ bin/rails:9
  [1m[35m (19.9ms)[0m  [1m[35mCREATE TABLE "schema_migrations" ("version" character varying NOT NULL PRIMARY KEY)[0m
  ↳ bin/rails:9
  [1m[35m (3.7ms)[0m  [1m[35mCREATE TABLE "ar_internal_metadata" ("key" character varying NOT NULL PRIMARY KEY, "value" character varying, "created_at" timestamp NOT NULL, "updated_at" timestamp NOT NULL)[0m
  ↳ bin/rails:9
  [1m[35m (0.6ms)[0m  [1m[34mSELECT pg_try_advisory_lock(2273323216395133035)[0m
  ↳ bin/rails:9
  [1m[35m (0.8ms)[0m  [1m[34mSELECT "schema_migrations"."version" FROM "schema_migrations" ORDER BY "schema_migrations"."version" ASC[0m
  ↳ bin/rails:9
Migrating to CreateUsers (20200210202746)
  [1m[35m (0.2ms)[0m  [1m[35mBEGIN[0m
  ↳ bin/rails:9
  [1m[35m (7.8ms)[0m  [1m[35mCREATE TABLE "users" ("id" bigserial primary key, "email" character varying NOT NULL, "first_name" character varying NOT NULL, "last_name" character varying NOT NULL, "img_url" character varying, "password_digest" character varying NOT NULL, "session_token" character varying NOT NULL, "birthday" date NOT NULL, "gender" character varying, "created_at" timestamp NOT NULL, "updated_at" timestamp NOT NULL)[0m
  ↳ db/migrate/20200210202746_create_users.rb:3
  [1m[35m (2.5ms)[0m  [1m[35mCREATE UNIQUE INDEX  "index_users_on_email" ON "users"  ("email")[0m
  ↳ db/migrate/20200210202746_create_users.rb:15
  [1m[35m (2.6ms)[0m  [1m[35mCREATE  INDEX  "index_users_on_password_digest" ON "users"  ("password_digest")[0m
  ↳ db/migrate/20200210202746_create_users.rb:16
  [1m[35m (6.1ms)[0m  [1m[35mCREATE UNIQUE INDEX  "index_users_on_session_token" ON "users"  ("session_token")[0m
  ↳ db/migrate/20200210202746_create_users.rb:17
  [1m[36mActiveRecord::SchemaMigration Create (1.1ms)[0m  [1m[32mINSERT INTO "schema_migrations" ("version") VALUES ($1) RETURNING "version"[0m  [["version", "20200210202746"]]
  ↳ bin/rails:9
  [1m[35m (0.6ms)[0m  [1m[35mCOMMIT[0m
  ↳ bin/rails:9
  [1m[36mActiveRecord::InternalMetadata Load (0.9ms)[0m  [1m[34mSELECT  "ar_internal_metadata".* FROM "ar_internal_metadata" WHERE "ar_internal_metadata"."key" = $1 LIMIT $2[0m  [["key", "environment"], ["LIMIT", 1]]
  ↳ bin/rails:9
  [1m[35m (0.1ms)[0m  [1m[35mBEGIN[0m
  ↳ bin/rails:9
  [1m[36mActiveRecord::InternalMetadata Create (0.5ms)[0m  [1m[32mINSERT INTO "ar_internal_metadata" ("key", "value", "created_at", "updated_at") VALUES ($1, $2, $3, $4) RETURNING "key"[0m  [["key", "environment"], ["value", "development"], ["created_at", "2020-02-10 20:41:07.577785"], ["updated_at", "2020-02-10 20:41:07.577785"]]
  ↳ bin/rails:9
  [1m[35m (0.3ms)[0m  [1m[35mCOMMIT[0m
  ↳ bin/rails:9
  [1m[35m (0.2ms)[0m  [1m[34mSELECT pg_advisory_unlock(2273323216395133035)[0m
  ↳ bin/rails:9
  [1m[35m (0.3ms)[0m  [1m[34mSELECT "schema_migrations"."version" FROM "schema_migrations" ORDER BY "schema_migrations"."version" ASC[0m
  ↳ bin/rails:9
  [1m[35m (1.0ms)[0m  [1m[34mSELECT "schema_migrations"."version" FROM "schema_migrations" ORDER BY "schema_migrations"."version" ASC[0m
  ↳ /Users/jonathanahern/.rbenv/versions/2.5.1/bin/annotate:23
Started GET "/" for ::1 at 2020-02-10 17:42:10 -0500
  [1m[35m (1.1ms)[0m  [1m[34mSELECT "schema_migrations"."version" FROM "schema_migrations" ORDER BY "schema_migrations"."version" ASC[0m
  ↳ /Users/jonathanahern/.rbenv/versions/2.5.1/lib/ruby/gems/2.5.0/gems/activerecord-5.2.4.1/lib/active_record/log_subscriber.rb:98
Processing by StaticPagesController#root as HTML
  Rendering static_pages/root.html.erb within layouts/application
  [1m[36mUser Load (3.0ms)[0m  [1m[34mSELECT  "users".* FROM "users" WHERE "users"."session_token" IS NULL LIMIT $1[0m  [["LIMIT", 1]]
  ↳ app/controllers/application_controller.rb:6
  Rendered static_pages/root.html.erb within layouts/application (16.5ms)
Completed 200 OK in 1951ms (Views: 1935.6ms | ActiveRecord: 5.2ms)


Started GET "/" for ::1 at 2020-02-10 17:45:48 -0500
Processing by StaticPagesController#root as HTML
  Rendering static_pages/root.html.erb within layouts/application
  [1m[36mUser Load (0.8ms)[0m  [1m[34mSELECT  "users".* FROM "users" WHERE "users"."session_token" IS NULL LIMIT $1[0m  [["LIMIT", 1]]
  ↳ app/controllers/application_controller.rb:6
  Rendered static_pages/root.html.erb within layouts/application (3.3ms)
Completed 200 OK in 374ms (Views: 368.9ms | ActiveRecord: 1.0ms)


Started GET "/" for ::1 at 2020-02-10 17:49:17 -0500
Processing by StaticPagesController#root as HTML
  Rendering static_pages/root.html.erb within layouts/application
  [1m[36mUser Load (0.6ms)[0m  [1m[34mSELECT  "users".* FROM "users" WHERE "users"."session_token" IS NULL LIMIT $1[0m  [["LIMIT", 1]]
  ↳ app/controllers/application_controller.rb:6
  Rendered static_pages/root.html.erb within layouts/application (2.4ms)
Completed 200 OK in 734ms (Views: 729.6ms | ActiveRecord: 0.6ms)


Started GET "/" for ::1 at 2020-02-10 17:54:13 -0500
Processing by StaticPagesController#root as HTML
  Rendering static_pages/root.html.erb within layouts/application
  [1m[36mUser Load (0.3ms)[0m  [1m[34mSELECT  "users".* FROM "users" WHERE "users"."session_token" IS NULL LIMIT $1[0m  [["LIMIT", 1]]
  ↳ app/controllers/application_controller.rb:6
  Rendered static_pages/root.html.erb within layouts/application (15.1ms)
Completed 200 OK in 45ms (Views: 36.6ms | ActiveRecord: 5.9ms)


Started GET "/" for ::1 at 2020-02-10 18:03:28 -0500
Processing by StaticPagesController#root as HTML
  Rendering static_pages/root.html.erb within layouts/application
  [1m[36mUser Load (1.0ms)[0m  [1m[34mSELECT  "users".* FROM "users" WHERE "users"."session_token" IS NULL LIMIT $1[0m  [["LIMIT", 1]]
  ↳ app/controllers/application_controller.rb:6
  Rendered static_pages/root.html.erb within layouts/application (23.2ms)
Completed 200 OK in 674ms (Views: 662.2ms | ActiveRecord: 7.3ms)


Started GET "/" for ::1 at 2020-02-11 09:14:00 -0500
Processing by StaticPagesController#root as HTML
  Rendering static_pages/root.html.erb within layouts/application
  [1m[36mUser Load (1.4ms)[0m  [1m[34mSELECT  "users".* FROM "users" WHERE "users"."session_token" IS NULL LIMIT $1[0m  [["LIMIT", 1]]
  ↳ app/controllers/application_controller.rb:6
  Rendered static_pages/root.html.erb within layouts/application (18.6ms)
Completed 200 OK in 133ms (Views: 114.7ms | ActiveRecord: 2.0ms)


Started GET "/" for ::1 at 2020-02-11 09:19:23 -0500
Processing by StaticPagesController#root as HTML
  Rendering static_pages/root.html.erb within layouts/application
  [1m[36mUser Load (0.7ms)[0m  [1m[34mSELECT  "users".* FROM "users" WHERE "users"."session_token" IS NULL LIMIT $1[0m  [["LIMIT", 1]]
  ↳ app/controllers/application_controller.rb:6
  Rendered static_pages/root.html.erb within layouts/application (5.3ms)
Completed 200 OK in 141ms (Views: 138.0ms | ActiveRecord: 0.7ms)


Started GET "/" for ::1 at 2020-02-11 09:19:53 -0500
Processing by StaticPagesController#root as HTML
  Rendering static_pages/root.html.erb within layouts/application
  [1m[36mUser Load (3.9ms)[0m  [1m[34mSELECT  "users".* FROM "users" WHERE "users"."session_token" IS NULL LIMIT $1[0m  [["LIMIT", 1]]
  ↳ app/controllers/application_controller.rb:6
  Rendered static_pages/root.html.erb within layouts/application (9.8ms)
Completed 200 OK in 957ms (Views: 946.6ms | ActiveRecord: 3.9ms)


Started GET "/" for ::1 at 2020-02-11 09:20:12 -0500
Processing by StaticPagesController#root as HTML
  Rendering static_pages/root.html.erb within layouts/application
  [1m[36mUser Load (0.8ms)[0m  [1m[34mSELECT  "users".* FROM "users" WHERE "users"."session_token" IS NULL LIMIT $1[0m  [["LIMIT", 1]]
  ↳ app/controllers/application_controller.rb:6
  Rendered static_pages/root.html.erb within layouts/application (5.8ms)
Completed 200 OK in 46ms (Views: 42.3ms | ActiveRecord: 0.8ms)


Started GET "/" for ::1 at 2020-02-11 09:22:41 -0500
Processing by StaticPagesController#root as HTML
  Rendering static_pages/root.html.erb within layouts/application
  [1m[36mUser Load (0.8ms)[0m  [1m[34mSELECT  "users".* FROM "users" WHERE "users"."session_token" IS NULL LIMIT $1[0m  [["LIMIT", 1]]
  ↳ app/controllers/application_controller.rb:6
  Rendered static_pages/root.html.erb within layouts/application (3.2ms)
Completed 200 OK in 584ms (Views: 579.2ms | ActiveRecord: 0.8ms)


Started GET "/" for ::1 at 2020-02-11 09:28:23 -0500
Processing by StaticPagesController#root as HTML
  Rendering static_pages/root.html.erb within layouts/application
  [1m[36mUser Load (2.0ms)[0m  [1m[34mSELECT  "users".* FROM "users" WHERE "users"."session_token" IS NULL LIMIT $1[0m  [["LIMIT", 1]]
  ↳ app/controllers/application_controller.rb:6
  Rendered static_pages/root.html.erb within layouts/application (7.9ms)
Completed 200 OK in 402ms (Views: 395.7ms | ActiveRecord: 2.6ms)


Started GET "/" for ::1 at 2020-02-11 09:28:37 -0500
Processing by StaticPagesController#root as HTML
  Rendering static_pages/root.html.erb within layouts/application
  [1m[36mUser Load (1.1ms)[0m  [1m[34mSELECT  "users".* FROM "users" WHERE "users"."session_token" IS NULL LIMIT $1[0m  [["LIMIT", 1]]
  ↳ app/controllers/application_controller.rb:6
  Rendered static_pages/root.html.erb within layouts/application (7.5ms)
Completed 200 OK in 45ms (Views: 38.0ms | ActiveRecord: 1.1ms)


  [1m[36mUser Load (0.9ms)[0m  [1m[34mSELECT "users".* FROM "users"[0m
  [1m[35m (0.3ms)[0m  [1m[35mBEGIN[0m
  [1m[35m (1.0ms)[0m  [1m[31mROLLBACK[0m
  [1m[35m (0.1ms)[0m  [1m[35mBEGIN[0m
  [1m[35m (0.2ms)[0m  [1m[31mROLLBACK[0m
  [1m[35m (0.4ms)[0m  [1m[35mBEGIN[0m
  [1m[36mUser Exists (1.4ms)[0m  [1m[34mSELECT  1 AS one FROM "users" WHERE "users"."email" = $1 LIMIT $2[0m  [["email", "jonathan@email.com"], ["LIMIT", 1]]
  [1m[35m (0.5ms)[0m  [1m[31mROLLBACK[0m
  [1m[36mUser Load (0.4ms)[0m  [1m[34mSELECT "users".* FROM "users"[0m
  [1m[35m (0.2ms)[0m  [1m[35mBEGIN[0m
  [1m[36mUser Exists (0.5ms)[0m  [1m[34mSELECT  1 AS one FROM "users" WHERE "users"."email" = $1 LIMIT $2[0m  [["email", "j@email.com"], ["LIMIT", 1]]
  [1m[35m (0.3ms)[0m  [1m[31mROLLBACK[0m
  [1m[36mUser Load (0.4ms)[0m  [1m[34mSELECT "users".* FROM "users"[0m
  [1m[35m (0.2ms)[0m  [1m[35mBEGIN[0m
  [1m[36mUser Exists (0.4ms)[0m  [1m[34mSELECT  1 AS one FROM "users" WHERE "users"."email" = $1 LIMIT $2[0m  [["email", "j@email.com"], ["LIMIT", 1]]
  [1m[35m (0.2ms)[0m  [1m[31mROLLBACK[0m
  [1m[35m (0.5ms)[0m  [1m[35mBEGIN[0m
  [1m[36mUser Exists (5.2ms)[0m  [1m[34mSELECT  1 AS one FROM "users" WHERE "users"."email" = $1 LIMIT $2[0m  [["email", "j@email.com"], ["LIMIT", 1]]
  [1m[36mUser Create (11.0ms)[0m  [1m[32mINSERT INTO "users" ("email", "first_name", "last_name", "password_digest", "session_token", "birthday", "gender", "created_at", "updated_at") VALUES ($1, $2, $3, $4, $5, $6, $7, $8, $9) RETURNING "id"[0m  [["email", "j@email.com"], ["first_name", "jonathan"], ["last_name", "ahern"], ["password_digest", "$2a$12$GUM5ZVafQ/KP6pzvshRKs.UoT.qoVamv4YtRE3H5/1cdQuhJv2amC"], ["session_token", "NSAE7A7J10Vsbfcg_Kg_Yg"], ["birthday", "1984-12-19"], ["gender", "M"], ["created_at", "2020-02-11 14:58:13.392244"], ["updated_at", "2020-02-11 14:58:13.392244"]]
  [1m[35m (1.6ms)[0m  [1m[35mCOMMIT[0m
  [1m[36mUser Load (0.5ms)[0m  [1m[34mSELECT "users".* FROM "users"[0m
Started GET "/" for ::1 at 2020-02-11 09:58:45 -0500
Processing by StaticPagesController#root as HTML
  Rendering static_pages/root.html.erb within layouts/application
  [1m[36mUser Load (0.7ms)[0m  [1m[34mSELECT  "users".* FROM "users" WHERE "users"."session_token" IS NULL LIMIT $1[0m  [["LIMIT", 1]]
  ↳ app/controllers/application_controller.rb:6
  Rendered static_pages/root.html.erb within layouts/application (26.0ms)
Completed 200 OK in 73ms (Views: 61.7ms | ActiveRecord: 7.1ms)


Started GET "/" for ::1 at 2020-02-11 10:05:29 -0500
Processing by StaticPagesController#root as HTML
  Rendering static_pages/root.html.erb within layouts/application
  [1m[36mUser Load (2.1ms)[0m  [1m[34mSELECT  "users".* FROM "users" WHERE "users"."session_token" IS NULL LIMIT $1[0m  [["LIMIT", 1]]
  ↳ app/controllers/application_controller.rb:6
  Rendered static_pages/root.html.erb within layouts/application (20.7ms)
Completed 200 OK in 600ms (Views: 585.8ms | ActiveRecord: 9.7ms)


Started GET "/" for ::1 at 2020-02-11 10:16:04 -0500
Processing by StaticPagesController#root as HTML
  Rendering static_pages/root.html.erb within layouts/application
  [1m[36mUser Load (0.8ms)[0m  [1m[34mSELECT  "users".* FROM "users" WHERE "users"."session_token" IS NULL LIMIT $1[0m  [["LIMIT", 1]]
  ↳ app/controllers/application_controller.rb:6
  Rendered static_pages/root.html.erb within layouts/application (21.9ms)
Completed 200 OK in 449ms (Views: 437.8ms | ActiveRecord: 6.1ms)


Started GET "/" for ::1 at 2020-02-11 10:28:49 -0500
Processing by StaticPagesController#root as HTML
  Rendering static_pages/root.html.erb within layouts/application
  [1m[36mUser Load (1.5ms)[0m  [1m[34mSELECT  "users".* FROM "users" WHERE "users"."session_token" IS NULL LIMIT $1[0m  [["LIMIT", 1]]
  ↳ app/controllers/application_controller.rb:6
  Rendered static_pages/root.html.erb within layouts/application (8.2ms)
Completed 200 OK in 94ms (Views: 87.6ms | ActiveRecord: 1.8ms)


Started GET "/" for ::1 at 2020-02-11 10:32:11 -0500
Processing by StaticPagesController#root as HTML
  Rendering static_pages/root.html.erb within layouts/application
  [1m[36mUser Load (0.7ms)[0m  [1m[34mSELECT  "users".* FROM "users" WHERE "users"."session_token" IS NULL LIMIT $1[0m  [["LIMIT", 1]]
  ↳ app/controllers/application_controller.rb:6
  Rendered static_pages/root.html.erb within layouts/application (7.2ms)
Completed 500 Internal Server Error in 213ms (ActiveRecord: 0.7ms)



Sprockets::FileNotFound - couldn't find file 'jquery' with type 'application/javascript'
Checked in these paths: 
  /Users/jonathanahern/Desktop/mapMyRat/map_my_rat/app/assets/config
  /Users/jonathanahern/Desktop/mapMyRat/map_my_rat/app/assets/images
  /Users/jonathanahern/Desktop/mapMyRat/map_my_rat/app/assets/javascripts
  /Users/jonathanahern/Desktop/mapMyRat/map_my_rat/app/assets/stylesheets
  /Users/jonathanahern/.rbenv/versions/2.5.1/lib/ruby/gems/2.5.0/gems/coffee-rails-4.2.2/lib/assets/javascripts
  /Users/jonathanahern/.rbenv/versions/2.5.1/lib/ruby/gems/2.5.0/gems/actioncable-5.2.4.1/lib/assets/compiled
  /Users/jonathanahern/.rbenv/versions/2.5.1/lib/ruby/gems/2.5.0/gems/activestorage-5.2.4.1/app/assets/javascripts
  /Users/jonathanahern/.rbenv/versions/2.5.1/lib/ruby/gems/2.5.0/gems/actionview-5.2.4.1/lib/assets/compiled
  /Users/jonathanahern/.rbenv/versions/2.5.1/lib/ruby/gems/2.5.0/gems/turbolinks-source-5.2.0/lib/assets/javascripts
  /Users/jonathanahern/Desktop/mapMyRat/map_my_rat/node_modules:
  app/views/layouts/application.html.erb:9:in `_app_views_layouts_application_html_erb___3753572505921585013_70349325392880'

Started POST "/__better_errors/fcd39237373f9063/variables" for ::1 at 2020-02-11 10:32:12 -0500
Started GET "/" for ::1 at 2020-02-11 10:34:42 -0500
Processing by StaticPagesController#root as HTML
  Rendering static_pages/root.html.erb within layouts/application
  [1m[36mUser Load (1.0ms)[0m  [1m[34mSELECT  "users".* FROM "users" WHERE "users"."session_token" IS NULL LIMIT $1[0m  [["LIMIT", 1]]
  ↳ app/controllers/application_controller.rb:6
  Rendered static_pages/root.html.erb within layouts/application (3.6ms)
Completed 200 OK in 323ms (Views: 316.0ms | ActiveRecord: 1.0ms)


Started GET "/" for ::1 at 2020-02-11 10:38:59 -0500
Processing by StaticPagesController#root as HTML
  Rendering static_pages/root.html.erb within layouts/application
  [1m[36mUser Load (0.5ms)[0m  [1m[34mSELECT  "users".* FROM "users" WHERE "users"."session_token" IS NULL LIMIT $1[0m  [["LIMIT", 1]]
  ↳ app/controllers/application_controller.rb:6
  Rendered static_pages/root.html.erb within layouts/application (3.6ms)
Completed 200 OK in 65ms (Views: 55.3ms | ActiveRecord: 0.5ms)


Started GET "/" for ::1 at 2020-02-11 10:40:32 -0500
Processing by StaticPagesController#root as HTML
  Rendering static_pages/root.html.erb within layouts/application
  [1m[36mUser Load (0.4ms)[0m  [1m[34mSELECT  "users".* FROM "users" WHERE "users"."session_token" IS NULL LIMIT $1[0m  [["LIMIT", 1]]
  ↳ app/controllers/application_controller.rb:6
  Rendered static_pages/root.html.erb within layouts/application (2.7ms)
Completed 200 OK in 441ms (Views: 435.4ms | ActiveRecord: 0.4ms)


Started POST "/api/session" for ::1 at 2020-02-11 10:40:59 -0500
Processing by Api::SessionsController#create as JSON
  Parameters: {"user"=>{"email"=>"j@email.com", "password"=>"[FILTERED]"}}
Can't verify CSRF token authenticity.
Completed 422 Unprocessable Entity in 1ms (ActiveRecord: 0.0ms)



ActionController::InvalidAuthenticityToken - ActionController::InvalidAuthenticityToken:

Started POST "/api/session" for ::1 at 2020-02-11 10:43:42 -0500
Processing by Api::SessionsController#create as JSON
  Parameters: {"user"=>{"email"=>"j@email.com", "password"=>"[FILTERED]"}}
Can't verify CSRF token authenticity.
Completed 422 Unprocessable Entity in 2ms (ActiveRecord: 0.0ms)



ActionController::InvalidAuthenticityToken - ActionController::InvalidAuthenticityToken:

Started GET "/" for ::1 at 2020-02-11 10:48:05 -0500
Processing by StaticPagesController#root as HTML
  Rendering static_pages/root.html.erb within layouts/application
  [1m[36mUser Load (0.5ms)[0m  [1m[34mSELECT  "users".* FROM "users" WHERE "users"."session_token" IS NULL LIMIT $1[0m  [["LIMIT", 1]]
  ↳ app/controllers/application_controller.rb:6
  Rendered static_pages/root.html.erb within layouts/application (2.7ms)
Completed 200 OK in 52ms (Views: 45.6ms | ActiveRecord: 0.5ms)


Started GET "/" for ::1 at 2020-02-11 10:48:12 -0500
Processing by StaticPagesController#root as HTML
  Rendering static_pages/root.html.erb within layouts/application
  [1m[36mUser Load (0.3ms)[0m  [1m[34mSELECT  "users".* FROM "users" WHERE "users"."session_token" IS NULL LIMIT $1[0m  [["LIMIT", 1]]
  ↳ app/controllers/application_controller.rb:6
  Rendered static_pages/root.html.erb within layouts/application (1.8ms)
Completed 200 OK in 35ms (Views: 32.7ms | ActiveRecord: 0.3ms)


Started GET "/" for ::1 at 2020-02-11 10:48:14 -0500
Processing by StaticPagesController#root as HTML
  Rendering static_pages/root.html.erb within layouts/application
  [1m[36mUser Load (0.7ms)[0m  [1m[34mSELECT  "users".* FROM "users" WHERE "users"."session_token" IS NULL LIMIT $1[0m  [["LIMIT", 1]]
  ↳ app/controllers/application_controller.rb:6
  Rendered static_pages/root.html.erb within layouts/application (4.0ms)
Completed 200 OK in 64ms (Views: 60.9ms | ActiveRecord: 0.7ms)


Started GET "/" for ::1 at 2020-02-11 10:48:22 -0500
Processing by StaticPagesController#root as HTML
  Rendering static_pages/root.html.erb within layouts/application
  [1m[36mUser Load (0.6ms)[0m  [1m[34mSELECT  "users".* FROM "users" WHERE "users"."session_token" IS NULL LIMIT $1[0m  [["LIMIT", 1]]
  ↳ app/controllers/application_controller.rb:6
  Rendered static_pages/root.html.erb within layouts/application (4.3ms)
Completed 200 OK in 54ms (Views: 50.4ms | ActiveRecord: 0.6ms)


Started POST "/api/session" for ::1 at 2020-02-11 10:49:16 -0500
Processing by Api::SessionsController#create as JSON
  Parameters: {"user"=>{"email"=>"j@email.com", "password"=>"[FILTERED]"}}
Can't verify CSRF token authenticity.
Completed 422 Unprocessable Entity in 4ms (ActiveRecord: 0.0ms)



ActionController::InvalidAuthenticityToken - ActionController::InvalidAuthenticityToken:

Started POST "/api/session" for ::1 at 2020-02-11 10:49:17 -0500
Processing by Api::SessionsController#create as JSON
  Parameters: {"user"=>{"email"=>"j@email.com", "password"=>"[FILTERED]"}}
Can't verify CSRF token authenticity.
Completed 422 Unprocessable Entity in 1ms (ActiveRecord: 0.0ms)



ActionController::InvalidAuthenticityToken - ActionController::InvalidAuthenticityToken:

Started GET "/" for ::1 at 2020-02-11 10:57:16 -0500
Processing by StaticPagesController#root as HTML
  Rendering static_pages/root.html.erb within layouts/application
  [1m[36mUser Load (2.1ms)[0m  [1m[34mSELECT  "users".* FROM "users" WHERE "users"."session_token" IS NULL LIMIT $1[0m  [["LIMIT", 1]]
  ↳ app/controllers/application_controller.rb:6
  Rendered static_pages/root.html.erb within layouts/application (6.4ms)
Completed 200 OK in 430ms (Views: 423.1ms | ActiveRecord: 2.5ms)


Started GET "/" for ::1 at 2020-02-11 10:57:51 -0500
Processing by StaticPagesController#root as HTML
  Rendering static_pages/root.html.erb within layouts/application
  [1m[36mUser Load (0.8ms)[0m  [1m[34mSELECT  "users".* FROM "users" WHERE "users"."session_token" IS NULL LIMIT $1[0m  [["LIMIT", 1]]
  ↳ app/controllers/application_controller.rb:6
  Rendered static_pages/root.html.erb within layouts/application (3.2ms)
Completed 200 OK in 797ms (Views: 791.3ms | ActiveRecord: 0.8ms)


Started POST "/api/session" for ::1 at 2020-02-11 11:00:01 -0500
Processing by Api::SessionsController#create as JSON
  Parameters: {"user"=>{"email"=>"j@email.com", "password"=>"[FILTERED]"}}
Can't verify CSRF token authenticity.
Completed 422 Unprocessable Entity in 4ms (ActiveRecord: 0.0ms)



ActionController::InvalidAuthenticityToken - ActionController::InvalidAuthenticityToken:

Started GET "/" for ::1 at 2020-02-11 11:00:14 -0500
Processing by StaticPagesController#root as HTML
  Rendering static_pages/root.html.erb within layouts/application
  [1m[36mUser Load (0.7ms)[0m  [1m[34mSELECT  "users".* FROM "users" WHERE "users"."session_token" IS NULL LIMIT $1[0m  [["LIMIT", 1]]
  ↳ app/controllers/application_controller.rb:6
  Rendered static_pages/root.html.erb within layouts/application (2.5ms)
Completed 200 OK in 58ms (Views: 51.4ms | ActiveRecord: 0.7ms)


  [1m[36mUser Load (1.1ms)[0m  [1m[34mSELECT "users".* FROM "users"[0m
Started POST "/api/session" for ::1 at 2020-02-11 11:02:02 -0500
Processing by Api::SessionsController#create as JSON
  Parameters: {"user"=>{"email"=>"j@email.com", "password"=>"[FILTERED]"}}
Can't verify CSRF token authenticity.
Completed 422 Unprocessable Entity in 1ms (ActiveRecord: 0.0ms)



ActionController::InvalidAuthenticityToken - ActionController::InvalidAuthenticityToken:

Started GET "/" for ::1 at 2020-02-11 11:03:06 -0500
Processing by StaticPagesController#root as HTML
  Rendering static_pages/root.html.erb within layouts/application
  [1m[36mUser Load (0.3ms)[0m  [1m[34mSELECT  "users".* FROM "users" WHERE "users"."session_token" IS NULL LIMIT $1[0m  [["LIMIT", 1]]
  ↳ app/controllers/application_controller.rb:8
  Rendered static_pages/root.html.erb within layouts/application (13.4ms)
Completed 200 OK in 45ms (Views: 33.4ms | ActiveRecord: 7.3ms)


Started POST "/api/session" for ::1 at 2020-02-11 11:03:18 -0500
Processing by Api::SessionsController#create as JSON
  Parameters: {"user"=>{"email"=>"j@email.com", "password"=>"[FILTERED]"}}
  [1m[36mUser Load (1.0ms)[0m  [1m[34mSELECT  "users".* FROM "users" WHERE "users"."email" = $1 LIMIT $2[0m  [["email", "j@email.com"], ["LIMIT", 1]]
  ↳ app/models/user.rb:29
Completed 500 Internal Server Error in 46ms (ActiveRecord: 7.9ms)



NameError - uninitialized constant User::BCrypt:
  app/models/user.rb:40:in `is_password?'
  app/models/user.rb:31:in `find_by_credentials'
  app/controllers/api/sessions_controller.rb:6:in `create'

Started GET "/" for ::1 at 2020-02-11 11:08:01 -0500
Processing by StaticPagesController#root as HTML
  Rendering static_pages/root.html.erb within layouts/application
  [1m[36mUser Load (0.7ms)[0m  [1m[34mSELECT  "users".* FROM "users" WHERE "users"."session_token" IS NULL LIMIT $1[0m  [["LIMIT", 1]]
  ↳ app/controllers/application_controller.rb:8
  Rendered static_pages/root.html.erb within layouts/application (4.1ms)
Completed 200 OK in 46ms (Views: 38.8ms | ActiveRecord: 0.7ms)


Started POST "/api/session" for ::1 at 2020-02-11 11:08:11 -0500
Processing by Api::SessionsController#create as JSON
  Parameters: {"user"=>{"email"=>"j@email.com", "password"=>"[FILTERED]"}}
  [1m[36mUser Load (0.7ms)[0m  [1m[34mSELECT  "users".* FROM "users" WHERE "users"."email" = $1 LIMIT $2[0m  [["email", "j@email.com"], ["LIMIT", 1]]
  ↳ app/models/user.rb:29
Completed 500 Internal Server Error in 13ms (ActiveRecord: 0.7ms)



NameError - uninitialized constant User::BCrypt:
  app/models/user.rb:40:in `is_password?'
  app/models/user.rb:31:in `find_by_credentials'
  app/controllers/api/sessions_controller.rb:6:in `create'

Started GET "/" for ::1 at 2020-02-11 11:11:40 -0500
Processing by StaticPagesController#root as HTML
  Rendering static_pages/root.html.erb within layouts/application
  [1m[36mUser Load (0.5ms)[0m  [1m[34mSELECT  "users".* FROM "users" WHERE "users"."session_token" IS NULL LIMIT $1[0m  [["LIMIT", 1]]
  ↳ app/controllers/application_controller.rb:8
  Rendered static_pages/root.html.erb within layouts/application (2.3ms)
Completed 200 OK in 514ms (Views: 507.7ms | ActiveRecord: 0.5ms)


Started POST "/api/session" for ::1 at 2020-02-11 11:12:01 -0500
Processing by Api::SessionsController#create as JSON
  Parameters: {"user"=>{"email"=>"j@email.com", "password"=>"[FILTERED]"}}
  [1m[36mUser Load (1.8ms)[0m  [1m[34mSELECT  "users".* FROM "users" WHERE "users"."email" = $1 LIMIT $2[0m  [["email", "j@email.com"], ["LIMIT", 1]]
  ↳ app/models/user.rb:29
Completed 500 Internal Server Error in 17ms (ActiveRecord: 1.8ms)



NameError - uninitialized constant User::BCrypt:
  app/models/user.rb:40:in `is_password?'
  app/models/user.rb:31:in `find_by_credentials'
  app/controllers/api/sessions_controller.rb:6:in `create'

Started GET "/" for ::1 at 2020-02-11 11:13:49 -0500
Processing by StaticPagesController#root as HTML
  Rendering static_pages/root.html.erb within layouts/application
  [1m[36mUser Load (0.2ms)[0m  [1m[34mSELECT  "users".* FROM "users" WHERE "users"."session_token" IS NULL LIMIT $1[0m  [["LIMIT", 1]]
  ↳ app/controllers/application_controller.rb:8
  Rendered static_pages/root.html.erb within layouts/application (10.0ms)
Completed 200 OK in 38ms (Views: 32.2ms | ActiveRecord: 3.9ms)


Started POST "/api/session" for ::1 at 2020-02-11 11:14:21 -0500
Processing by Api::SessionsController#create as JSON
  Parameters: {"user"=>{"email"=>"j@email.com", "password"=>"[FILTERED]"}}
  [1m[36mUser Load (2.4ms)[0m  [1m[34mSELECT  "users".* FROM "users" WHERE "users"."email" = $1 LIMIT $2[0m  [["email", "j@email.com"], ["LIMIT", 1]]
  ↳ app/models/user.rb:29
Completed 500 Internal Server Error in 35ms (ActiveRecord: 7.7ms)



NameError - uninitialized constant User::BCrypt:
  app/models/user.rb:40:in `is_password?'
  app/models/user.rb:31:in `find_by_credentials'
  app/controllers/api/sessions_controller.rb:6:in `create'

Started GET "/" for ::1 at 2020-02-11 11:15:15 -0500
Processing by StaticPagesController#root as HTML
  Rendering static_pages/root.html.erb within layouts/application
  [1m[36mUser Load (4.3ms)[0m  [1m[34mSELECT  "users".* FROM "users" WHERE "users"."session_token" IS NULL LIMIT $1[0m  [["LIMIT", 1]]
  ↳ app/controllers/application_controller.rb:8
  Rendered static_pages/root.html.erb within layouts/application (21.5ms)
Completed 200 OK in 98ms (Views: 88.4ms | ActiveRecord: 6.8ms)


Started POST "/api/session" for ::1 at 2020-02-11 11:15:22 -0500
Processing by Api::SessionsController#create as JSON
  Parameters: {"user"=>{"email"=>"j@email.com", "password"=>"[FILTERED]"}}
Started POST "/api/session" for ::1 at 2020-02-11 11:15:36 -0500
Started POST "/api/session" for ::1 at 2020-02-11 11:15:50 -0500
Started GET "/" for ::1 at 2020-02-11 11:15:50 -0500
  [1m[36mUser Load (4.5ms)[0m  [1m[34mSELECT  "users".* FROM "users" WHERE "users"."email" = $1 LIMIT $2[0m  [["email", "j@email.com"], ["LIMIT", 1]]
  ↳ app/models/user.rb:30
Completed 500 Internal Server Error in 27955ms (ActiveRecord: 27.1ms)



NameError - uninitialized constant User::BCrypt:
  app/models/user.rb:41:in `is_password?'
  app/models/user.rb:32:in `find_by_credentials'
  app/controllers/api/sessions_controller.rb:6:in `create'

Processing by StaticPagesController#root as HTML
Processing by Api::SessionsController#create as JSON
  Parameters: {"user"=>{"email"=>"j@email.com", "password"=>"[FILTERED]"}}
Processing by Api::SessionsController#create as JSON
  Parameters: {"user"=>{"email"=>"j@email.com", "password"=>"[FILTERED]"}}
Started GET "/" for ::1 at 2020-02-11 11:16:15 -0500
  [1m[35m (2.3ms)[0m  [1m[34mSELECT "schema_migrations"."version" FROM "schema_migrations" ORDER BY "schema_migrations"."version" ASC[0m
  ↳ /Users/jonathanahern/.rbenv/versions/2.5.1/lib/ruby/gems/2.5.0/gems/activerecord-5.2.4.1/lib/active_record/log_subscriber.rb:98
Processing by StaticPagesController#root as HTML
  Rendering static_pages/root.html.erb within layouts/application
  [1m[36mUser Load (2.1ms)[0m  [1m[34mSELECT  "users".* FROM "users" WHERE "users"."session_token" IS NULL LIMIT $1[0m  [["LIMIT", 1]]
  ↳ app/controllers/application_controller.rb:8
  Rendered static_pages/root.html.erb within layouts/application (28.1ms)
Completed 200 OK in 1754ms (Views: 1728.3ms | ActiveRecord: 5.7ms)


Started POST "/api/session" for ::1 at 2020-02-11 11:16:27 -0500
Processing by Api::SessionsController#create as JSON
  Parameters: {"user"=>{"email"=>"j@email.com", "password"=>"[FILTERED]"}}
  [1m[36mUser Load (0.5ms)[0m  [1m[34mSELECT  "users".* FROM "users" WHERE "users"."email" = $1 LIMIT $2[0m  [["email", "j@email.com"], ["LIMIT", 1]]
  ↳ app/models/user.rb:30
  [1m[35m (0.3ms)[0m  [1m[35mBEGIN[0m
  ↳ app/models/user.rb:50
  [1m[36mUser Exists (4.1ms)[0m  [1m[34mSELECT  1 AS one FROM "users" WHERE "users"."email" = $1 AND "users"."id" != $2 LIMIT $3[0m  [["email", "j@email.com"], ["id", 1], ["LIMIT", 1]]
  ↳ app/models/user.rb:50
  [1m[36mUser Update (2.9ms)[0m  [1m[33mUPDATE "users" SET "session_token" = $1, "updated_at" = $2 WHERE "users"."id" = $3[0m  [["session_token", "maE-i_LiFN234jH97t1gCA"], ["updated_at", "2020-02-11 16:18:28.943214"], ["id", 1]]
  ↳ app/models/user.rb:50
  [1m[35m (1.1ms)[0m  [1m[35mCOMMIT[0m
  ↳ app/models/user.rb:50
  Rendering api/sessions/show.json.jbuilder
  Rendered api/sessions/show.json.jbuilder (0.6ms)
Completed 200 OK in 121141ms (Views: 15.8ms | ActiveRecord: 17.2ms)


Started GET "/" for ::1 at 2020-02-11 11:18:56 -0500
Processing by StaticPagesController#root as HTML
  Rendering static_pages/root.html.erb within layouts/application
  [1m[36mUser Load (0.9ms)[0m  [1m[34mSELECT  "users".* FROM "users" WHERE "users"."session_token" = $1 LIMIT $2[0m  [["session_token", "maE-i_LiFN234jH97t1gCA"], ["LIMIT", 1]]
  ↳ app/controllers/application_controller.rb:8
  [1m[36mCACHE User Load (0.0ms)[0m  [1m[34mSELECT  "users".* FROM "users" WHERE "users"."session_token" = $1 LIMIT $2[0m  [["session_token", "maE-i_LiFN234jH97t1gCA"], ["LIMIT", 1]]
  ↳ app/controllers/application_controller.rb:8
  Rendered api/users/_user.json.jbuilder (0.6ms)
  Rendered static_pages/root.html.erb within layouts/application (62.7ms)
Completed 200 OK in 124ms (Views: 109.4ms | ActiveRecord: 9.7ms)


Started DELETE "/api/session" for ::1 at 2020-02-11 11:18:59 -0500
Processing by Api::SessionsController#destroy as JSON
  [1m[36mUser Load (1.1ms)[0m  [1m[34mSELECT  "users".* FROM "users" WHERE "users"."session_token" = $1 LIMIT $2[0m  [["session_token", "maE-i_LiFN234jH97t1gCA"], ["LIMIT", 1]]
  ↳ app/controllers/application_controller.rb:8
  [1m[36mCACHE User Load (0.0ms)[0m  [1m[34mSELECT  "users".* FROM "users" WHERE "users"."session_token" = $1 LIMIT $2[0m  [["session_token", "maE-i_LiFN234jH97t1gCA"], ["LIMIT", 1]]
  ↳ app/controllers/application_controller.rb:8
  [1m[35m (0.6ms)[0m  [1m[35mBEGIN[0m
  ↳ app/models/user.rb:49
  [1m[36mUser Exists (0.7ms)[0m  [1m[34mSELECT  1 AS one FROM "users" WHERE "users"."email" = $1 AND "users"."id" != $2 LIMIT $3[0m  [["email", "j@email.com"], ["id", 1], ["LIMIT", 1]]
  ↳ app/models/user.rb:49
  [1m[36mUser Update (0.7ms)[0m  [1m[33mUPDATE "users" SET "session_token" = $1, "updated_at" = $2 WHERE "users"."id" = $3[0m  [["session_token", "NGxzEDCr69UHUdVuF9k_1A"], ["updated_at", "2020-02-11 16:18:59.368656"], ["id", 1]]
  ↳ app/models/user.rb:49
  [1m[35m (2.5ms)[0m  [1m[35mCOMMIT[0m
  ↳ app/models/user.rb:49
Completed 200 OK in 16ms (Views: 0.7ms | ActiveRecord: 5.6ms)


Started POST "/api/session" for ::1 at 2020-02-11 11:19:11 -0500
Processing by Api::SessionsController#create as JSON
  Parameters: {"user"=>{"email"=>"j@email.com", "password"=>"[FILTERED]"}}
  [1m[36mUser Load (0.5ms)[0m  [1m[34mSELECT  "users".* FROM "users" WHERE "users"."email" = $1 LIMIT $2[0m  [["email", "j@email.com"], ["LIMIT", 1]]
  ↳ app/models/user.rb:29
  [1m[35m (0.2ms)[0m  [1m[35mBEGIN[0m
  ↳ app/models/user.rb:49
  [1m[36mUser Exists (0.4ms)[0m  [1m[34mSELECT  1 AS one FROM "users" WHERE "users"."email" = $1 AND "users"."id" != $2 LIMIT $3[0m  [["email", "j@email.com"], ["id", 1], ["LIMIT", 1]]
  ↳ app/models/user.rb:49
  [1m[36mUser Update (0.6ms)[0m  [1m[33mUPDATE "users" SET "session_token" = $1, "updated_at" = $2 WHERE "users"."id" = $3[0m  [["session_token", "vNFCiCJyzBKR3RlPeiYaFw"], ["updated_at", "2020-02-11 16:19:12.013049"], ["id", 1]]
  ↳ app/models/user.rb:49
  [1m[35m (1.3ms)[0m  [1m[35mCOMMIT[0m
  ↳ app/models/user.rb:49
  Rendering api/sessions/show.json.jbuilder
  Rendered api/sessions/show.json.jbuilder (0.5ms)
Completed 200 OK in 275ms (Views: 12.4ms | ActiveRecord: 3.0ms)


Started DELETE "/api/session" for ::1 at 2020-02-11 11:19:15 -0500
Processing by Api::SessionsController#destroy as JSON
  [1m[36mUser Load (0.7ms)[0m  [1m[34mSELECT  "users".* FROM "users" WHERE "users"."session_token" = $1 LIMIT $2[0m  [["session_token", "vNFCiCJyzBKR3RlPeiYaFw"], ["LIMIT", 1]]
  ↳ app/controllers/application_controller.rb:8
  [1m[36mCACHE User Load (0.0ms)[0m  [1m[34mSELECT  "users".* FROM "users" WHERE "users"."session_token" = $1 LIMIT $2[0m  [["session_token", "vNFCiCJyzBKR3RlPeiYaFw"], ["LIMIT", 1]]
  ↳ app/controllers/application_controller.rb:8
  [1m[35m (0.6ms)[0m  [1m[35mBEGIN[0m
  ↳ app/models/user.rb:49
  [1m[36mUser Exists (2.7ms)[0m  [1m[34mSELECT  1 AS one FROM "users" WHERE "users"."email" = $1 AND "users"."id" != $2 LIMIT $3[0m  [["email", "j@email.com"], ["id", 1], ["LIMIT", 1]]
  ↳ app/models/user.rb:49
  [1m[36mUser Update (1.6ms)[0m  [1m[33mUPDATE "users" SET "session_token" = $1, "updated_at" = $2 WHERE "users"."id" = $3[0m  [["session_token", "MnyM3HadAZ4Bd2_yhxqvvg"], ["updated_at", "2020-02-11 16:19:15.363825"], ["id", 1]]
  ↳ app/models/user.rb:49
  [1m[35m (2.2ms)[0m  [1m[35mCOMMIT[0m
  ↳ app/models/user.rb:49
Completed 200 OK in 16ms (Views: 0.2ms | ActiveRecord: 7.8ms)


Started POST "/api/session" for ::1 at 2020-02-11 11:19:27 -0500
Processing by Api::SessionsController#create as JSON
  Parameters: {"user"=>{"email"=>"asdf", "password"=>"[FILTERED]"}}
  [1m[36mUser Load (1.8ms)[0m  [1m[34mSELECT  "users".* FROM "users" WHERE "users"."email" = $1 LIMIT $2[0m  [["email", "asdf"], ["LIMIT", 1]]
  ↳ app/models/user.rb:29
Completed 401 Unauthorized in 5ms (Views: 0.2ms | ActiveRecord: 1.8ms)


Started POST "/api/users" for ::1 at 2020-02-11 11:24:03 -0500
Processing by Api::UsersController#create as JSON
  Parameters: {"user"=>{"email"=>"demo@email.com", "password"=>"[FILTERED]"}}
  [1m[35m (0.2ms)[0m  [1m[35mBEGIN[0m
  ↳ app/controllers/api/users_controller.rb:5
  [1m[36mUser Exists (0.4ms)[0m  [1m[34mSELECT  1 AS one FROM "users" WHERE "users"."email" = $1 LIMIT $2[0m  [["email", "demo@email.com"], ["LIMIT", 1]]
  ↳ app/controllers/api/users_controller.rb:5
  [1m[36mUser Create (4.7ms)[0m  [1m[32mINSERT INTO "users" ("email", "password_digest", "session_token", "created_at", "updated_at") VALUES ($1, $2, $3, $4, $5) RETURNING "id"[0m  [["email", "demo@email.com"], ["password_digest", "$2a$12$Q7RyXn0HvWd54YLyp95.m.ldO/bNx9gkygIi793AcW.hl3MSupBem"], ["session_token", "gUGrA8uuvUO8e_6Gd-v4YQ"], ["created_at", "2020-02-11 16:24:03.377086"], ["updated_at", "2020-02-11 16:24:03.377086"]]
  ↳ app/controllers/api/users_controller.rb:5
  [1m[35m (0.2ms)[0m  [1m[31mROLLBACK[0m
  ↳ app/controllers/api/users_controller.rb:5
Completed 500 Internal Server Error in 254ms (ActiveRecord: 5.4ms)



PG::NotNullViolation - ERROR:  null value in column "first_name" violates not-null constraint
DETAIL:  Failing row contains (2, demo@email.com, null, null, null, $2a$12$Q7RyXn0HvWd54YLyp95.m.ldO/bNx9gkygIi793AcW.hl3MSupBem, gUGrA8uuvUO8e_6Gd-v4YQ, null, null, 2020-02-11 16:24:03.377086, 2020-02-11 16:24:03.377086).
:
  app/controllers/api/users_controller.rb:5:in `create'

Started GET "/" for ::1 at 2020-02-11 11:25:30 -0500
Processing by StaticPagesController#root as HTML
  Rendering static_pages/root.html.erb within layouts/application
  [1m[36mUser Load (0.7ms)[0m  [1m[34mSELECT  "users".* FROM "users" WHERE "users"."session_token" IS NULL LIMIT $1[0m  [["LIMIT", 1]]
  ↳ app/controllers/application_controller.rb:8
  Rendered static_pages/root.html.erb within layouts/application (2.8ms)
Completed 200 OK in 473ms (Views: 464.9ms | ActiveRecord: 0.7ms)


Started POST "/api/users" for ::1 at 2020-02-11 11:25:47 -0500
Processing by Api::UsersController#create as JSON
  Parameters: {"user"=>{"email"=>"asdf", "password"=>"[FILTERED]"}}
  [1m[35m (0.2ms)[0m  [1m[35mBEGIN[0m
  ↳ app/controllers/api/users_controller.rb:5
  [1m[36mUser Exists (0.4ms)[0m  [1m[34mSELECT  1 AS one FROM "users" WHERE "users"."email" = $1 LIMIT $2[0m  [["email", "asdf"], ["LIMIT", 1]]
  ↳ app/controllers/api/users_controller.rb:5
  [1m[36mUser Create (12.1ms)[0m  [1m[32mINSERT INTO "users" ("email", "password_digest", "session_token", "created_at", "updated_at") VALUES ($1, $2, $3, $4, $5) RETURNING "id"[0m  [["email", "asdf"], ["password_digest", "$2a$12$yqzKzWR1vfAy2hEkdKMEzek3WEtzEV7L6JMKJXJsYLuTJbE5g7r9q"], ["session_token", "0SUKcT8GnbmMzAczitYUow"], ["created_at", "2020-02-11 16:25:47.660403"], ["updated_at", "2020-02-11 16:25:47.660403"]]
  ↳ app/controllers/api/users_controller.rb:5
  [1m[35m (0.2ms)[0m  [1m[31mROLLBACK[0m
  ↳ app/controllers/api/users_controller.rb:5
Completed 500 Internal Server Error in 277ms (ActiveRecord: 12.8ms)



PG::NotNullViolation - ERROR:  null value in column "first_name" violates not-null constraint
DETAIL:  Failing row contains (3, asdf, null, null, null, $2a$12$yqzKzWR1vfAy2hEkdKMEzek3WEtzEV7L6JMKJXJsYLuTJbE5g7r9q, 0SUKcT8GnbmMzAczitYUow, null, null, 2020-02-11 16:25:47.660403, 2020-02-11 16:25:47.660403).
:
  app/controllers/api/users_controller.rb:5:in `create'

Started GET "/" for ::1 at 2020-02-11 13:51:22 -0500
Processing by StaticPagesController#root as HTML
  Rendering static_pages/root.html.erb within layouts/application
  [1m[36mUser Load (1.2ms)[0m  [1m[34mSELECT  "users".* FROM "users" WHERE "users"."session_token" IS NULL LIMIT $1[0m  [["LIMIT", 1]]
  ↳ app/controllers/application_controller.rb:8
  Rendered static_pages/root.html.erb within layouts/application (14.6ms)
Completed 200 OK in 212ms (Views: 199.9ms | ActiveRecord: 1.6ms)


Started GET "/" for ::1 at 2020-02-11 14:01:31 -0500
  [1m[35m (1.4ms)[0m  [1m[34mSELECT "schema_migrations"."version" FROM "schema_migrations" ORDER BY "schema_migrations"."version" ASC[0m
  ↳ /Users/jonathanahern/.rbenv/versions/2.5.1/lib/ruby/gems/2.5.0/gems/activerecord-5.2.4.1/lib/active_record/log_subscriber.rb:98
Processing by StaticPagesController#root as HTML
  Rendering static_pages/root.html.erb within layouts/application
  [1m[36mUser Load (0.8ms)[0m  [1m[34mSELECT  "users".* FROM "users" WHERE "users"."session_token" IS NULL LIMIT $1[0m  [["LIMIT", 1]]
  ↳ app/controllers/application_controller.rb:8
  Rendered static_pages/root.html.erb within layouts/application (14.7ms)
Completed 200 OK in 1737ms (Views: 1721.9ms | ActiveRecord: 4.8ms)


Started GET "/" for ::1 at 2020-02-11 14:04:49 -0500
Processing by StaticPagesController#root as HTML
  Rendering static_pages/root.html.erb within layouts/application
  [1m[36mUser Load (0.4ms)[0m  [1m[34mSELECT  "users".* FROM "users" WHERE "users"."session_token" IS NULL LIMIT $1[0m  [["LIMIT", 1]]
  ↳ app/controllers/application_controller.rb:8
  Rendered static_pages/root.html.erb within layouts/application (1.8ms)
Completed 200 OK in 413ms (Views: 410.1ms | ActiveRecord: 0.4ms)


Started GET "/" for ::1 at 2020-02-11 14:05:18 -0500
Processing by StaticPagesController#root as HTML
  Rendering static_pages/root.html.erb within layouts/application
  [1m[36mUser Load (0.5ms)[0m  [1m[34mSELECT  "users".* FROM "users" WHERE "users"."session_token" IS NULL LIMIT $1[0m  [["LIMIT", 1]]
  ↳ app/controllers/application_controller.rb:8
  Rendered static_pages/root.html.erb within layouts/application (2.1ms)
Completed 200 OK in 434ms (Views: 429.7ms | ActiveRecord: 0.5ms)


Started GET "/" for ::1 at 2020-02-11 14:06:46 -0500
Processing by StaticPagesController#root as HTML
  Rendering static_pages/root.html.erb within layouts/application
  [1m[36mUser Load (0.3ms)[0m  [1m[34mSELECT  "users".* FROM "users" WHERE "users"."session_token" IS NULL LIMIT $1[0m  [["LIMIT", 1]]
  ↳ app/controllers/application_controller.rb:8
  Rendered static_pages/root.html.erb within layouts/application (1.6ms)
Completed 200 OK in 422ms (Views: 417.6ms | ActiveRecord: 0.3ms)


Started GET "/" for ::1 at 2020-02-11 14:08:39 -0500
Processing by StaticPagesController#root as HTML
  Rendering static_pages/root.html.erb within layouts/application
  [1m[36mUser Load (0.3ms)[0m  [1m[34mSELECT  "users".* FROM "users" WHERE "users"."session_token" IS NULL LIMIT $1[0m  [["LIMIT", 1]]
  ↳ app/controllers/application_controller.rb:8
  Rendered static_pages/root.html.erb within layouts/application (1.8ms)
Completed 200 OK in 420ms (Views: 414.6ms | ActiveRecord: 0.3ms)


Started GET "/" for ::1 at 2020-02-11 14:13:44 -0500
Processing by StaticPagesController#root as HTML
  Rendering static_pages/root.html.erb within layouts/application
  [1m[36mUser Load (1.1ms)[0m  [1m[34mSELECT  "users".* FROM "users" WHERE "users"."session_token" IS NULL LIMIT $1[0m  [["LIMIT", 1]]
  ↳ app/controllers/application_controller.rb:8
  Rendered static_pages/root.html.erb within layouts/application (3.0ms)
Completed 200 OK in 467ms (Views: 463.9ms | ActiveRecord: 1.1ms)


Started GET "/" for ::1 at 2020-02-11 14:21:35 -0500
Processing by StaticPagesController#root as HTML
  Rendering static_pages/root.html.erb within layouts/application
  [1m[36mUser Load (1.0ms)[0m  [1m[34mSELECT  "users".* FROM "users" WHERE "users"."session_token" IS NULL LIMIT $1[0m  [["LIMIT", 1]]
  ↳ app/controllers/application_controller.rb:8
  Rendered static_pages/root.html.erb within layouts/application (4.7ms)
Completed 200 OK in 491ms (Views: 484.9ms | ActiveRecord: 1.3ms)


Started GET "/" for ::1 at 2020-02-11 14:21:49 -0500
Processing by StaticPagesController#root as HTML
  Rendering static_pages/root.html.erb within layouts/application
  [1m[36mUser Load (0.6ms)[0m  [1m[34mSELECT  "users".* FROM "users" WHERE "users"."session_token" IS NULL LIMIT $1[0m  [["LIMIT", 1]]
  ↳ app/controllers/application_controller.rb:8
  Rendered static_pages/root.html.erb within layouts/application (4.1ms)
Completed 200 OK in 424ms (Views: 420.2ms | ActiveRecord: 0.6ms)


Started GET "/" for ::1 at 2020-02-11 14:26:50 -0500
Processing by StaticPagesController#root as HTML
  Rendering static_pages/root.html.erb within layouts/application
  [1m[36mUser Load (1.9ms)[0m  [1m[34mSELECT  "users".* FROM "users" WHERE "users"."session_token" IS NULL LIMIT $1[0m  [["LIMIT", 1]]
  ↳ app/controllers/application_controller.rb:8
  Rendered static_pages/root.html.erb within layouts/application (4.4ms)
Completed 200 OK in 428ms (Views: 420.2ms | ActiveRecord: 1.9ms)


Started GET "/" for ::1 at 2020-02-11 14:27:00 -0500
Processing by StaticPagesController#root as HTML
  Rendering static_pages/root.html.erb within layouts/application
  [1m[36mUser Load (0.8ms)[0m  [1m[34mSELECT  "users".* FROM "users" WHERE "users"."session_token" IS NULL LIMIT $1[0m  [["LIMIT", 1]]
  ↳ app/controllers/application_controller.rb:8
  Rendered static_pages/root.html.erb within layouts/application (2.7ms)
Completed 200 OK in 520ms (Views: 514.8ms | ActiveRecord: 0.8ms)


Started GET "/" for ::1 at 2020-02-11 14:27:07 -0500
Processing by StaticPagesController#root as HTML
  Rendering static_pages/root.html.erb within layouts/application
  [1m[36mUser Load (0.6ms)[0m  [1m[34mSELECT  "users".* FROM "users" WHERE "users"."session_token" IS NULL LIMIT $1[0m  [["LIMIT", 1]]
  ↳ app/controllers/application_controller.rb:8
  Rendered static_pages/root.html.erb within layouts/application (2.2ms)
Completed 200 OK in 514ms (Views: 506.9ms | ActiveRecord: 0.6ms)


Started GET "/" for ::1 at 2020-02-11 14:27:38 -0500
Processing by StaticPagesController#root as HTML
  Rendering static_pages/root.html.erb within layouts/application
  [1m[36mUser Load (0.6ms)[0m  [1m[34mSELECT  "users".* FROM "users" WHERE "users"."session_token" IS NULL LIMIT $1[0m  [["LIMIT", 1]]
  ↳ app/controllers/application_controller.rb:8
  Rendered static_pages/root.html.erb within layouts/application (2.0ms)
Completed 200 OK in 478ms (Views: 475.8ms | ActiveRecord: 0.6ms)


Started GET "/" for ::1 at 2020-02-11 14:29:16 -0500
Processing by StaticPagesController#root as HTML
  Rendering static_pages/root.html.erb within layouts/application
  [1m[36mUser Load (0.5ms)[0m  [1m[34mSELECT  "users".* FROM "users" WHERE "users"."session_token" IS NULL LIMIT $1[0m  [["LIMIT", 1]]
  ↳ app/controllers/application_controller.rb:8
  Rendered static_pages/root.html.erb within layouts/application (2.2ms)
Completed 200 OK in 415ms (Views: 411.9ms | ActiveRecord: 0.5ms)


Started GET "/" for ::1 at 2020-02-11 14:34:16 -0500
Processing by StaticPagesController#root as HTML
  Rendering static_pages/root.html.erb within layouts/application
  [1m[36mUser Load (0.6ms)[0m  [1m[34mSELECT  "users".* FROM "users" WHERE "users"."session_token" IS NULL LIMIT $1[0m  [["LIMIT", 1]]
  ↳ app/controllers/application_controller.rb:8
  Rendered static_pages/root.html.erb within layouts/application (2.9ms)
Completed 200 OK in 420ms (Views: 416.4ms | ActiveRecord: 0.6ms)


Started GET "/" for ::1 at 2020-02-11 14:34:21 -0500
Processing by StaticPagesController#root as HTML
  Rendering static_pages/root.html.erb within layouts/application
  [1m[36mUser Load (0.4ms)[0m  [1m[34mSELECT  "users".* FROM "users" WHERE "users"."session_token" IS NULL LIMIT $1[0m  [["LIMIT", 1]]
  ↳ app/controllers/application_controller.rb:8
  Rendered static_pages/root.html.erb within layouts/application (4.1ms)
Completed 200 OK in 39ms (Views: 35.4ms | ActiveRecord: 0.4ms)


Started GET "/" for ::1 at 2020-02-11 14:35:53 -0500
Processing by StaticPagesController#root as HTML
  Rendering static_pages/root.html.erb within layouts/application
  [1m[36mUser Load (0.5ms)[0m  [1m[34mSELECT  "users".* FROM "users" WHERE "users"."session_token" IS NULL LIMIT $1[0m  [["LIMIT", 1]]
  ↳ app/controllers/application_controller.rb:8
  Rendered static_pages/root.html.erb within layouts/application (2.9ms)
Completed 200 OK in 478ms (Views: 471.5ms | ActiveRecord: 0.5ms)


Started GET "/" for ::1 at 2020-02-11 14:36:03 -0500
Processing by StaticPagesController#root as HTML
  Rendering static_pages/root.html.erb within layouts/application
  [1m[36mUser Load (0.3ms)[0m  [1m[34mSELECT  "users".* FROM "users" WHERE "users"."session_token" IS NULL LIMIT $1[0m  [["LIMIT", 1]]
  ↳ app/controllers/application_controller.rb:8
  Rendered static_pages/root.html.erb within layouts/application (2.0ms)
Completed 200 OK in 47ms (Views: 42.4ms | ActiveRecord: 0.3ms)


Started GET "/" for ::1 at 2020-02-11 14:44:16 -0500
Processing by StaticPagesController#root as HTML
  Rendering static_pages/root.html.erb within layouts/application
  [1m[36mUser Load (0.7ms)[0m  [1m[34mSELECT  "users".* FROM "users" WHERE "users"."session_token" IS NULL LIMIT $1[0m  [["LIMIT", 1]]
  ↳ app/controllers/application_controller.rb:8
  Rendered static_pages/root.html.erb within layouts/application (3.1ms)
Completed 200 OK in 493ms (Views: 488.8ms | ActiveRecord: 1.0ms)


Started GET "/" for ::1 at 2020-02-11 14:59:47 -0500
Processing by StaticPagesController#root as HTML
  Rendering static_pages/root.html.erb within layouts/application
  [1m[36mUser Load (1.0ms)[0m  [1m[34mSELECT  "users".* FROM "users" WHERE "users"."session_token" IS NULL LIMIT $1[0m  [["LIMIT", 1]]
  ↳ app/controllers/application_controller.rb:8
  Rendered static_pages/root.html.erb within layouts/application (4.4ms)
Completed 200 OK in 444ms (Views: 439.0ms | ActiveRecord: 1.2ms)


Started GET "/" for ::1 at 2020-02-11 15:02:42 -0500
Processing by StaticPagesController#root as HTML
  Rendering static_pages/root.html.erb within layouts/application
  [1m[36mUser Load (0.4ms)[0m  [1m[34mSELECT  "users".* FROM "users" WHERE "users"."session_token" IS NULL LIMIT $1[0m  [["LIMIT", 1]]
  ↳ app/controllers/application_controller.rb:8
  Rendered static_pages/root.html.erb within layouts/application (1.9ms)
Completed 200 OK in 446ms (Views: 443.8ms | ActiveRecord: 0.4ms)


Started GET "/" for ::1 at 2020-02-11 15:07:06 -0500
Processing by StaticPagesController#root as HTML
  Rendering static_pages/root.html.erb within layouts/application
  [1m[36mUser Load (0.4ms)[0m  [1m[34mSELECT  "users".* FROM "users" WHERE "users"."session_token" IS NULL LIMIT $1[0m  [["LIMIT", 1]]
  ↳ app/controllers/application_controller.rb:8
  Rendered static_pages/root.html.erb within layouts/application (1.6ms)
Completed 200 OK in 427ms (Views: 423.4ms | ActiveRecord: 0.4ms)


Started GET "/" for ::1 at 2020-02-11 15:07:54 -0500
Processing by StaticPagesController#root as HTML
  Rendering static_pages/root.html.erb within layouts/application
  [1m[36mUser Load (0.3ms)[0m  [1m[34mSELECT  "users".* FROM "users" WHERE "users"."session_token" IS NULL LIMIT $1[0m  [["LIMIT", 1]]
  ↳ app/controllers/application_controller.rb:8
  Rendered static_pages/root.html.erb within layouts/application (1.6ms)
Completed 200 OK in 425ms (Views: 421.5ms | ActiveRecord: 0.3ms)


Started GET "/" for ::1 at 2020-02-11 15:10:12 -0500
Processing by StaticPagesController#root as HTML
  Rendering static_pages/root.html.erb within layouts/application
  [1m[36mUser Load (1.3ms)[0m  [1m[34mSELECT  "users".* FROM "users" WHERE "users"."session_token" IS NULL LIMIT $1[0m  [["LIMIT", 1]]
  ↳ app/controllers/application_controller.rb:8
  Rendered static_pages/root.html.erb within layouts/application (4.5ms)
Completed 200 OK in 461ms (Views: 452.9ms | ActiveRecord: 1.3ms)


Started GET "/" for ::1 at 2020-02-11 15:12:01 -0500
Processing by StaticPagesController#root as HTML
  Rendering static_pages/root.html.erb within layouts/application
  [1m[36mUser Load (0.3ms)[0m  [1m[34mSELECT  "users".* FROM "users" WHERE "users"."session_token" IS NULL LIMIT $1[0m  [["LIMIT", 1]]
  ↳ app/controllers/application_controller.rb:8
  Rendered static_pages/root.html.erb within layouts/application (2.1ms)
Completed 200 OK in 420ms (Views: 415.8ms | ActiveRecord: 0.3ms)


Started GET "/" for ::1 at 2020-02-11 15:13:33 -0500
Processing by StaticPagesController#root as HTML
  Rendering static_pages/root.html.erb within layouts/application
  [1m[36mUser Load (0.2ms)[0m  [1m[34mSELECT  "users".* FROM "users" WHERE "users"."session_token" IS NULL LIMIT $1[0m  [["LIMIT", 1]]
  ↳ app/controllers/application_controller.rb:8
  Rendered static_pages/root.html.erb within layouts/application (1.7ms)
Completed 200 OK in 392ms (Views: 388.2ms | ActiveRecord: 0.2ms)


Started GET "/" for ::1 at 2020-02-11 15:14:00 -0500
Processing by StaticPagesController#root as HTML
  Rendering static_pages/root.html.erb within layouts/application
  [1m[36mUser Load (0.2ms)[0m  [1m[34mSELECT  "users".* FROM "users" WHERE "users"."session_token" IS NULL LIMIT $1[0m  [["LIMIT", 1]]
  ↳ app/controllers/application_controller.rb:8
  Rendered static_pages/root.html.erb within layouts/application (1.5ms)
Completed 200 OK in 426ms (Views: 420.7ms | ActiveRecord: 0.2ms)


Started GET "/" for ::1 at 2020-02-11 15:14:48 -0500
Processing by StaticPagesController#root as HTML
  Rendering static_pages/root.html.erb within layouts/application
  [1m[36mUser Load (0.2ms)[0m  [1m[34mSELECT  "users".* FROM "users" WHERE "users"."session_token" IS NULL LIMIT $1[0m  [["LIMIT", 1]]
  ↳ app/controllers/application_controller.rb:8
  Rendered static_pages/root.html.erb within layouts/application (1.5ms)
Completed 200 OK in 459ms (Views: 454.8ms | ActiveRecord: 0.2ms)


Started GET "/" for ::1 at 2020-02-11 15:18:17 -0500
Processing by StaticPagesController#root as HTML
  Rendering static_pages/root.html.erb within layouts/application
  [1m[36mUser Load (0.6ms)[0m  [1m[34mSELECT  "users".* FROM "users" WHERE "users"."session_token" IS NULL LIMIT $1[0m  [["LIMIT", 1]]
  ↳ app/controllers/application_controller.rb:8
  Rendered static_pages/root.html.erb within layouts/application (9.9ms)
Completed 200 OK in 593ms (Views: 583.6ms | ActiveRecord: 0.6ms)


Started GET "/" for ::1 at 2020-02-11 15:18:37 -0500
Processing by StaticPagesController#root as HTML
  Rendering static_pages/root.html.erb within layouts/application
  [1m[36mUser Load (2.2ms)[0m  [1m[34mSELECT  "users".* FROM "users" WHERE "users"."session_token" IS NULL LIMIT $1[0m  [["LIMIT", 1]]
  ↳ app/controllers/application_controller.rb:8
  Rendered static_pages/root.html.erb within layouts/application (4.8ms)
Completed 200 OK in 62ms (Views: 56.4ms | ActiveRecord: 2.2ms)


Started GET "/" for ::1 at 2020-02-11 15:24:15 -0500
Processing by StaticPagesController#root as HTML
  Rendering static_pages/root.html.erb within layouts/application
  [1m[36mUser Load (0.8ms)[0m  [1m[34mSELECT  "users".* FROM "users" WHERE "users"."session_token" IS NULL LIMIT $1[0m  [["LIMIT", 1]]
  ↳ app/controllers/application_controller.rb:8
  Rendered static_pages/root.html.erb within layouts/application (2.5ms)
Completed 200 OK in 506ms (Views: 502.3ms | ActiveRecord: 0.8ms)


Started GET "/" for ::1 at 2020-02-11 15:30:43 -0500
Processing by StaticPagesController#root as HTML
  Rendering static_pages/root.html.erb within layouts/application
  [1m[36mUser Load (0.8ms)[0m  [1m[34mSELECT  "users".* FROM "users" WHERE "users"."session_token" IS NULL LIMIT $1[0m  [["LIMIT", 1]]
  ↳ app/controllers/application_controller.rb:8
  Rendered static_pages/root.html.erb within layouts/application (3.1ms)
Completed 200 OK in 418ms (Views: 413.7ms | ActiveRecord: 1.0ms)


Started GET "/" for ::1 at 2020-02-11 15:31:33 -0500
Processing by StaticPagesController#root as HTML
  Rendering static_pages/root.html.erb within layouts/application
  [1m[36mUser Load (0.3ms)[0m  [1m[34mSELECT  "users".* FROM "users" WHERE "users"."session_token" IS NULL LIMIT $1[0m  [["LIMIT", 1]]
  ↳ app/controllers/application_controller.rb:8
  Rendered static_pages/root.html.erb within layouts/application (1.6ms)
Completed 200 OK in 419ms (Views: 414.7ms | ActiveRecord: 0.3ms)


Started GET "/" for ::1 at 2020-02-11 15:37:22 -0500
Processing by StaticPagesController#root as HTML
  Rendering static_pages/root.html.erb within layouts/application
  [1m[36mUser Load (0.5ms)[0m  [1m[34mSELECT  "users".* FROM "users" WHERE "users"."session_token" IS NULL LIMIT $1[0m  [["LIMIT", 1]]
  ↳ app/controllers/application_controller.rb:8
  Rendered static_pages/root.html.erb within layouts/application (4.6ms)
Completed 200 OK in 439ms (Views: 432.1ms | ActiveRecord: 0.5ms)


Started GET "/" for ::1 at 2020-02-11 16:04:37 -0500
Processing by StaticPagesController#root as HTML
  Rendering static_pages/root.html.erb within layouts/application
  [1m[36mUser Load (1.3ms)[0m  [1m[34mSELECT  "users".* FROM "users" WHERE "users"."session_token" IS NULL LIMIT $1[0m  [["LIMIT", 1]]
  ↳ app/controllers/application_controller.rb:8
  Rendered static_pages/root.html.erb within layouts/application (13.8ms)
Completed 200 OK in 520ms (Views: 510.1ms | ActiveRecord: 1.5ms)


Started GET "/" for ::1 at 2020-02-11 16:04:47 -0500
Processing by StaticPagesController#root as HTML
  Rendering static_pages/root.html.erb within layouts/application
  [1m[36mUser Load (0.6ms)[0m  [1m[34mSELECT  "users".* FROM "users" WHERE "users"."session_token" IS NULL LIMIT $1[0m  [["LIMIT", 1]]
  ↳ app/controllers/application_controller.rb:8
  Rendered static_pages/root.html.erb within layouts/application (2.6ms)
Completed 200 OK in 545ms (Views: 540.0ms | ActiveRecord: 0.6ms)


Started GET "/" for ::1 at 2020-02-11 16:09:55 -0500
Processing by StaticPagesController#root as HTML
  Rendering static_pages/root.html.erb within layouts/application
  [1m[36mUser Load (0.3ms)[0m  [1m[34mSELECT  "users".* FROM "users" WHERE "users"."session_token" IS NULL LIMIT $1[0m  [["LIMIT", 1]]
  ↳ app/controllers/application_controller.rb:8
  Rendered static_pages/root.html.erb within layouts/application (1.6ms)
Completed 200 OK in 412ms (Views: 405.7ms | ActiveRecord: 0.3ms)


Started GET "/" for ::1 at 2020-02-11 16:11:40 -0500
Processing by StaticPagesController#root as HTML
  Rendering static_pages/root.html.erb within layouts/application
  [1m[36mUser Load (0.3ms)[0m  [1m[34mSELECT  "users".* FROM "users" WHERE "users"."session_token" IS NULL LIMIT $1[0m  [["LIMIT", 1]]
  ↳ app/controllers/application_controller.rb:8
  Rendered static_pages/root.html.erb within layouts/application (1.6ms)
Completed 200 OK in 428ms (Views: 423.7ms | ActiveRecord: 0.3ms)


Started GET "/" for ::1 at 2020-02-11 16:12:39 -0500
Processing by StaticPagesController#root as HTML
  Rendering static_pages/root.html.erb within layouts/application
  [1m[36mUser Load (0.3ms)[0m  [1m[34mSELECT  "users".* FROM "users" WHERE "users"."session_token" IS NULL LIMIT $1[0m  [["LIMIT", 1]]
  ↳ app/controllers/application_controller.rb:8
  Rendered static_pages/root.html.erb within layouts/application (1.5ms)
Completed 200 OK in 415ms (Views: 411.8ms | ActiveRecord: 0.3ms)


Started GET "/" for ::1 at 2020-02-11 16:13:31 -0500
Processing by StaticPagesController#root as HTML
  Rendering static_pages/root.html.erb within layouts/application
  [1m[36mUser Load (0.3ms)[0m  [1m[34mSELECT  "users".* FROM "users" WHERE "users"."session_token" IS NULL LIMIT $1[0m  [["LIMIT", 1]]
  ↳ app/controllers/application_controller.rb:8
  Rendered static_pages/root.html.erb within layouts/application (1.5ms)
Completed 200 OK in 404ms (Views: 400.9ms | ActiveRecord: 0.3ms)


Started GET "/" for ::1 at 2020-02-11 16:13:46 -0500
Processing by StaticPagesController#root as HTML
  Rendering static_pages/root.html.erb within layouts/application
  [1m[36mUser Load (0.2ms)[0m  [1m[34mSELECT  "users".* FROM "users" WHERE "users"."session_token" IS NULL LIMIT $1[0m  [["LIMIT", 1]]
  ↳ app/controllers/application_controller.rb:8
  Rendered static_pages/root.html.erb within layouts/application (1.4ms)
Completed 200 OK in 27ms (Views: 24.2ms | ActiveRecord: 0.2ms)


Started POST "/api/users" for ::1 at 2020-02-11 16:15:23 -0500
Processing by Api::UsersController#create as JSON
  Parameters: {"user"=>{"email"=>"u@email.com", "password"=>"[FILTERED]", "first_name"=>"Test", "last_name"=>"User", "day"=>"", "month"=>"", "year"=>"", "country"=>"", "gender"=>""}}
Unpermitted parameters: :first_name, :last_name, :day, :month, :year, :country, :gender
  [1m[35m (0.2ms)[0m  [1m[35mBEGIN[0m
  ↳ app/controllers/api/users_controller.rb:5
  [1m[36mUser Exists (2.4ms)[0m  [1m[34mSELECT  1 AS one FROM "users" WHERE "users"."email" = $1 LIMIT $2[0m  [["email", "u@email.com"], ["LIMIT", 1]]
  ↳ app/controllers/api/users_controller.rb:5
  [1m[36mUser Create (7.1ms)[0m  [1m[32mINSERT INTO "users" ("email", "password_digest", "session_token", "created_at", "updated_at") VALUES ($1, $2, $3, $4, $5) RETURNING "id"[0m  [["email", "u@email.com"], ["password_digest", "$2a$12$YGq0Jhs3an.dopeCOqryHOvbHcKTc0QmrIENpyEUFO8S7I2Oj/xRe"], ["session_token", "dF9iw490dP0o1VcBVYFUWA"], ["created_at", "2020-02-11 21:15:23.753271"], ["updated_at", "2020-02-11 21:15:23.753271"]]
  ↳ app/controllers/api/users_controller.rb:5
  [1m[35m (0.3ms)[0m  [1m[31mROLLBACK[0m
  ↳ app/controllers/api/users_controller.rb:5
Completed 500 Internal Server Error in 314ms (ActiveRecord: 24.3ms)



PG::NotNullViolation - ERROR:  null value in column "first_name" violates not-null constraint
DETAIL:  Failing row contains (4, u@email.com, null, null, null, $2a$12$YGq0Jhs3an.dopeCOqryHOvbHcKTc0QmrIENpyEUFO8S7I2Oj/xRe, dF9iw490dP0o1VcBVYFUWA, null, null, 2020-02-11 21:15:23.753271, 2020-02-11 21:15:23.753271).
:
  app/controllers/api/users_controller.rb:5:in `create'

Started GET "/" for ::1 at 2020-02-11 16:15:38 -0500
Processing by StaticPagesController#root as HTML
  Rendering static_pages/root.html.erb within layouts/application
  [1m[36mUser Load (0.3ms)[0m  [1m[34mSELECT  "users".* FROM "users" WHERE "users"."session_token" IS NULL LIMIT $1[0m  [["LIMIT", 1]]
  ↳ app/controllers/application_controller.rb:8
  Rendered static_pages/root.html.erb within layouts/application (1.9ms)
Completed 200 OK in 45ms (Views: 40.9ms | ActiveRecord: 0.3ms)


Started POST "/api/users" for ::1 at 2020-02-11 16:17:25 -0500
Processing by Api::UsersController#create as JSON
  Parameters: {"user"=>{"email"=>"asdf", "password"=>"[FILTERED]", "first_name"=>"asdf", "last_name"=>"asdf", "day"=>"", "month"=>"", "year"=>"", "country"=>"", "gender"=>""}}
Unpermitted parameters: :first_name, :last_name, :day, :month, :year, :country, :gender
  [1m[35m (0.2ms)[0m  [1m[35mBEGIN[0m
  ↳ app/controllers/api/users_controller.rb:5
  [1m[36mUser Exists (0.4ms)[0m  [1m[34mSELECT  1 AS one FROM "users" WHERE "users"."email" = $1 LIMIT $2[0m  [["email", "asdf"], ["LIMIT", 1]]
  ↳ app/controllers/api/users_controller.rb:5
  [1m[36mUser Create (2.0ms)[0m  [1m[32mINSERT INTO "users" ("email", "password_digest", "session_token", "created_at", "updated_at") VALUES ($1, $2, $3, $4, $5) RETURNING "id"[0m  [["email", "asdf"], ["password_digest", "$2a$12$8D14wbKza7c3tRb5fXyh7ucFyWM1EfaMSiTAWEkZheKaoqYseS8.C"], ["session_token", "BPElF7O37AwDmKLAxgByjw"], ["created_at", "2020-02-11 21:17:25.562547"], ["updated_at", "2020-02-11 21:17:25.562547"]]
  ↳ app/controllers/api/users_controller.rb:5
  [1m[35m (0.2ms)[0m  [1m[31mROLLBACK[0m
  ↳ app/controllers/api/users_controller.rb:5
Completed 500 Internal Server Error in 269ms (ActiveRecord: 2.7ms)



PG::NotNullViolation - ERROR:  null value in column "first_name" violates not-null constraint
DETAIL:  Failing row contains (5, asdf, null, null, null, $2a$12$8D14wbKza7c3tRb5fXyh7ucFyWM1EfaMSiTAWEkZheKaoqYseS8.C, BPElF7O37AwDmKLAxgByjw, null, null, 2020-02-11 21:17:25.562547, 2020-02-11 21:17:25.562547).
:
  app/controllers/api/users_controller.rb:5:in `create'

Started GET "/" for ::1 at 2020-02-11 16:22:55 -0500
Processing by StaticPagesController#root as HTML
  Rendering static_pages/root.html.erb within layouts/application
  [1m[36mUser Load (0.7ms)[0m  [1m[34mSELECT  "users".* FROM "users" WHERE "users"."session_token" IS NULL LIMIT $1[0m  [["LIMIT", 1]]
  ↳ app/controllers/application_controller.rb:8
  Rendered static_pages/root.html.erb within layouts/application (3.0ms)
Completed 200 OK in 432ms (Views: 427.4ms | ActiveRecord: 0.9ms)


Started GET "/" for ::1 at 2020-02-11 16:23:21 -0500
Processing by StaticPagesController#root as HTML
  Rendering static_pages/root.html.erb within layouts/application
  [1m[36mUser Load (0.3ms)[0m  [1m[34mSELECT  "users".* FROM "users" WHERE "users"."session_token" IS NULL LIMIT $1[0m  [["LIMIT", 1]]
  ↳ app/controllers/application_controller.rb:8
  Rendered static_pages/root.html.erb within layouts/application (1.5ms)
Completed 200 OK in 27ms (Views: 23.3ms | ActiveRecord: 0.3ms)


Started POST "/api/users" for ::1 at 2020-02-11 16:23:57 -0500
Processing by Api::UsersController#create as JSON
  Parameters: {"user"=>{"email"=>"asdfasdf", "password"=>"[FILTERED]", "first_name"=>"asdv", "last_name"=>"fdsafas", "day"=>"", "month"=>"", "year"=>"", "country"=>"", "gender"=>""}}
Unpermitted parameters: :first_name, :last_name, :day, :month, :year, :country, :gender
  [1m[35m (0.2ms)[0m  [1m[35mBEGIN[0m
  ↳ app/controllers/api/users_controller.rb:5
  [1m[36mUser Exists (0.9ms)[0m  [1m[34mSELECT  1 AS one FROM "users" WHERE "users"."email" = $1 LIMIT $2[0m  [["email", "asdfasdf"], ["LIMIT", 1]]
  ↳ app/controllers/api/users_controller.rb:5
  [1m[36mUser Create (2.8ms)[0m  [1m[32mINSERT INTO "users" ("email", "password_digest", "session_token", "created_at", "updated_at") VALUES ($1, $2, $3, $4, $5) RETURNING "id"[0m  [["email", "asdfasdf"], ["password_digest", "$2a$12$bAqb56XlxYXFao8/F9gd/u1PR6cSzIXhGDVBXDCTIMu5WbEmgy8ZG"], ["session_token", "HbsXu_mWRg_m1UZ7rMdkJw"], ["created_at", "2020-02-11 21:23:57.452975"], ["updated_at", "2020-02-11 21:23:57.452975"]]
  ↳ app/controllers/api/users_controller.rb:5
  [1m[35m (0.2ms)[0m  [1m[31mROLLBACK[0m
  ↳ app/controllers/api/users_controller.rb:5
Completed 500 Internal Server Error in 275ms (ActiveRecord: 4.1ms)



PG::NotNullViolation - ERROR:  null value in column "first_name" violates not-null constraint
DETAIL:  Failing row contains (6, asdfasdf, null, null, null, $2a$12$bAqb56XlxYXFao8/F9gd/u1PR6cSzIXhGDVBXDCTIMu5WbEmgy8ZG, HbsXu_mWRg_m1UZ7rMdkJw, null, null, 2020-02-11 21:23:57.452975, 2020-02-11 21:23:57.452975).
:
  app/controllers/api/users_controller.rb:5:in `create'

